<?xml version="1.0" encoding="UTF-8"?>
<!-- Generated by org.testng.reporters.JUnitXMLReporter -->
<testsuite ignored="0" hostname="LAPTOP-3FNC3192" failures="3" tests="4" name="Default test" time="5.866" errors="0" timestamp="2023-09-24T01:29:38 PST">
  <testcase classname="io.cucumber.testng.AbstractTestNGCucumberTests" name="runScenario" time="4.229"/>
  <testcase classname="io.cucumber.testng.AbstractTestNGCucumberTests" name="runScenario" time="0.312">
    <failure type="java.lang.AssertionError" message="expected [false] but found [true]">
      <![CDATA[java.lang.AssertionError: expected [false] but found [true]
at org.testng.Assert.fail(Assert.java:111)
at org.testng.Assert.failNotEquals(Assert.java:1578)
at org.testng.Assert.assertFalse(Assert.java:79)
at org.testng.Assert.assertFalse(Assert.java:89)
at stepDefinitions.InventoryPage_StepDefinition.name2_has_remove_button(InventoryPage_StepDefinition.java:37)
at ✽.Sauce Labs Bike Light has remove button(file:///C:/Users/DIVINA/eclipse-workspace/Cucumber-BDD-TestNG-Automation/src/test/java/features/products.feature:8)
]]>
    </failure>
  </testcase> <!-- runScenario -->
  <testcase classname="io.cucumber.testng.AbstractTestNGCucumberTests" name="runScenario" time="0.317">
    <failure type="java.lang.AssertionError" message="expected [false] but found [true]">
      <![CDATA[java.lang.AssertionError: expected [false] but found [true]
at org.testng.Assert.fail(Assert.java:111)
at org.testng.Assert.failNotEquals(Assert.java:1578)
at org.testng.Assert.assertFalse(Assert.java:79)
at org.testng.Assert.assertFalse(Assert.java:89)
at stepDefinitions.InventoryPage_StepDefinition.name2_has_remove_button(InventoryPage_StepDefinition.java:37)
at ✽.Sauce Labs Onesie has remove button(file:///C:/Users/DIVINA/eclipse-workspace/Cucumber-BDD-TestNG-Automation/src/test/java/features/products.feature:8)
]]>
    </failure>
  </testcase> <!-- runScenario -->
  <testcase classname="io.cucumber.testng.AbstractTestNGCucumberTests" name="runScenario" time="0.353">
    <failure type="java.lang.AssertionError" message="expected [false] but found [true]">
      <![CDATA[java.lang.AssertionError: expected [false] but found [true]
at org.testng.Assert.fail(Assert.java:111)
at org.testng.Assert.failNotEquals(Assert.java:1578)
at org.testng.Assert.assertFalse(Assert.java:79)
at org.testng.Assert.assertFalse(Assert.java:89)
at stepDefinitions.InventoryPage_StepDefinition.name2_has_remove_button(InventoryPage_StepDefinition.java:37)
at ✽.Test.allTheThings() T-Shirt (Red) has remove button(file:///C:/Users/DIVINA/eclipse-workspace/Cucumber-BDD-TestNG-Automation/src/test/java/features/products.feature:8)
]]>
    </failure>
  </testcase> <!-- runScenario -->
</testsuite> <!-- Default test -->
